<?xml version="1.0" encoding="UTF-8"?>
<!-- Generated by org.testng.reporters.JUnitXMLReporter -->
<testsuite hostname="Sharath-Dwaral" tests="8" failures="0" timestamp="28 Aug 2017 11:31:00 GMT" time="0.891" errors="0">
  <testcase name="testFindCustomerById" time="0.836" classname="TestCustomerRepositoryImpl"/>
  <testcase name="testGetMatchingNames" time="0.041" classname="TestCustomerRepositoryImpl"/>
  <testcase name="testCustomerNotFoundException" time="0.0" classname="TestExceptionClasses"/>
  <testcase name="testEmailNotException" time="0.0" classname="TestExceptionClasses"/>
  <testcase name="testInvalidHeaderException" time="0.001" classname="TestExceptionClasses"/>
  <testcase name="testMerchantNotFoundException" time="0.0" classname="TestExceptionClasses"/>
  <testcase name="testNoNameFoundException" time="0.0" classname="TestExceptionClasses"/>
  <testcase name="testPayloadValidationdException" time="0.0" classname="TestExceptionClasses"/>
</testsuite>
